Terminals unused in grammar

    PLUS
    MINUS
    MULTIPLY
    DIVIDE


Grammar

    0 $accept: calculation $end

    1 calculation: %empty
    2            | calculation line

    3 line: '\n'
    4     | VAR


Terminals, with rules where they appear

    $end (0) 0
    '\n' (10) 3
    error (256)
    VAR (258) 4
    PLUS (259)
    MINUS (260)
    MULTIPLY (261)
    DIVIDE (262)


Nonterminals, with rules where they appear

    $accept (9)
        on left: 0
    calculation (10)
        on left: 1 2
        on right: 0 2
    line (11)
        on left: 3 4
        on right: 2


State 0

    0 $accept: . calculation $end

    $default  reduce using rule 1 (calculation)

    calculation  go to state 1


State 1

    0 $accept: calculation . $end
    2 calculation: calculation . line

    $end  shift, and go to state 2
    VAR   shift, and go to state 3
    '\n'  shift, and go to state 4

    line  go to state 5


State 2

    0 $accept: calculation $end .

    $default  accept


State 3

    4 line: VAR .

    $default  reduce using rule 4 (line)


State 4

    3 line: '\n' .

    $default  reduce using rule 3 (line)


State 5

    2 calculation: calculation line .

    $default  reduce using rule 2 (calculation)
